<?xml version="1.0" encoding="utf-8"?><testsuites name="pytest tests"><testsuite name="pytest" errors="0" failures="0" skipped="0" tests="16" time="6.861" timestamp="2026-08-16T18:21:22.686917+00:00" hostname="agent-env-8146d61d-be91-407f-92a7-17157885a756"><testcase classname="tests.backend_test" name="test_health" time="0.132" /><testcase classname="tests.backend_test" name="test_categories_are_42_with_correct_order" time="0.144" /><testcase classname="tests.backend_test" name="test_services_catalog" time="0.098" /><testcase classname="tests.backend_test" name="test_cms_pages_render[terms]" time="0.106" /><testcase classname="tests.backend_test" name="test_cms_pages_render[privacy-policy]" time="0.152" /><testcase classname="tests.backend_test" name="test_cms_pages_render[trust-safety]" time="0.104" /><testcase classname="tests.backend_test" name="test_login_demo_accounts" time="1.189" /><testcase classname="tests.backend_test" name="test_register_customer_and_relogin" time="0.711" /><testcase classname="tests.backend_test" name="test_register_provider_and_relogin" time="0.719" /><testcase classname="tests.backend_test" name="test_contact_form_valid_submission" time="0.413" /><testcase classname="tests.backend_test" name="test_contact_form_rejects_short_message" time="0.103" /><testcase classname="tests.backend_test" name="test_contact_form_rejects_invalid_email" time="0.111" /><testcase classname="tests.backend_test" name="test_contact_form_honeypot_silently_accepted" time="0.098" /><testcase classname="tests.backend_test" name="test_chat_blocked_before_payment" time="0.736" /><testcase classname="tests.backend_test" name="test_e2e_review_after_completion" time="1.377" /><testcase classname="tests.backend_test" name="test_e2e_chat_allowed_after_payment" time="0.108" /></testsuite></testsuites>