<?xml version="1.0" encoding="utf-8"?><testsuites name="pytest tests"><testsuite name="pytest" errors="0" failures="0" skipped="0" tests="18" time="7.826" timestamp="2026-08-16T19:17:51.270680+00:00" hostname="agent-env-8146d61d-be91-407f-92a7-17157885a756"><testcase classname="tests.backend_test" name="test_health" time="0.289" /><testcase classname="tests.backend_test" name="test_categories_are_42_with_correct_order" time="0.166" /><testcase classname="tests.backend_test" name="test_categories_services_list_counts_and_specific_items" time="0.148" /><testcase classname="tests.backend_test" name="test_services_catalog" time="0.129" /><testcase classname="tests.backend_test" name="test_cms_pages_render[terms]" time="0.220" /><testcase classname="tests.backend_test" name="test_cms_pages_render[privacy-policy]" time="0.157" /><testcase classname="tests.backend_test" name="test_cms_pages_render[trust-safety]" time="0.159" /><testcase classname="tests.backend_test" name="test_login_demo_accounts" time="1.078" /><testcase classname="tests.backend_test" name="test_register_customer_and_relogin" time="0.769" /><testcase classname="tests.backend_test" name="test_register_provider_and_relogin" time="0.727" /><testcase classname="tests.backend_test" name="test_contact_form_valid_submission" time="0.827" /><testcase classname="tests.backend_test" name="test_contact_form_rejects_short_message" time="0.127" /><testcase classname="tests.backend_test" name="test_contact_form_rejects_invalid_email" time="0.108" /><testcase classname="tests.backend_test" name="test_contact_form_honeypot_silently_accepted" time="0.112" /><testcase classname="tests.backend_test" name="test_chat_blocked_before_payment" time="0.835" /><testcase classname="tests.backend_test" name="test_e2e_review_after_completion" time="1.440" /><testcase classname="tests.backend_test" name="test_e2e_chat_allowed_after_payment" time="0.124" /><testcase classname="tests.backend_test" name="test_request_detail_exposes_provider_rating_to_customer" time="0.074" /></testsuite></testsuites>