<?xml version="1.0" encoding="utf-8"?><testsuites name="pytest tests"><testsuite name="pytest" errors="0" failures="1" skipped="0" tests="27" time="11.929" timestamp="2026-08-07T15:35:08.015837+00:00" hostname="agent-env-2eda3c37-4f59-4363-a904-8af123bc9f56"><testcase classname="tests.backend_test" name="test_health" time="0.169" /><testcase classname="tests.backend_test" name="test_services_catalog" time="0.106" /><testcase classname="tests.backend_test" name="test_categories" time="0.110" /><testcase classname="tests.backend_test" name="test_root_api_is_fixipro" time="0.102" /><testcase classname="tests.backend_test" name="test_categories_count_and_new_ones" time="0.106" /><testcase classname="tests.backend_test" name="test_services_count_19" time="0.125" /><testcase classname="tests.backend_test" name="test_settings_support_email_and_fee" time="0.384" /><testcase classname="tests.backend_test" name="test_15pct_fee_math_constant" time="0.237"><failure message="KeyError: 'MONGO_URL'">backend/tests/backend_test.py:85: in test_15pct_fee_math_constant
    from core import PLATFORM_FEE_PCT
backend/core.py:14: in &lt;module&gt;
    mongo_url = os.environ["MONGO_URL"]
                ^^^^^^^^^^^^^^^^^^^^^^^
&lt;frozen os&gt;:679: in __getitem__
    ???
E   KeyError: 'MONGO_URL'</failure></testcase><testcase classname="tests.backend_test" name="test_login_all_three_roles" time="1.046" /><testcase classname="tests.backend_test" name="test_login_wrong_password" time="0.335" /><testcase classname="tests.backend_test" name="test_register_and_me" time="0.380" /><testcase classname="tests.backend_test" name="test_forgot_password_ok" time="0.128" /><testcase classname="tests.backend_test" name="test_customer_dashboard_and_requests" time="0.385" /><testcase classname="tests.backend_test" name="test_customer_create_request" time="0.541" /><testcase classname="tests.backend_test" name="test_provider_browse_open_requests" time="0.378" /><testcase classname="tests.backend_test" name="test_provider_dashboard_stats" time="0.427" /><testcase classname="tests.backend_test" name="test_admin_stats" time="0.406" /><testcase classname="tests.backend_test" name="test_admin_users_list" time="0.404" /><testcase classname="tests.backend_test" name="test_admin_payments_list" time="0.369" /><testcase classname="tests.backend_test" name="test_role_isolation_customer_cannot_admin" time="0.375" /><testcase classname="tests.backend_test" name="test_unauthenticated_dashboard_blocked" time="0.097" /><testcase classname="tests.backend_test" name="test_ai_assistant_configs" time="0.380" /><testcase classname="tests.backend_test" name="test_comms_conversations" time="0.364" /><testcase classname="tests.backend_test" name="test_customer_can_view_payments" time="0.406" /><testcase classname="tests.backend_test" name="test_brute_force_lockout" time="2.090" /><testcase classname="tests.backend_test" name="test_google_session_invalid_returns_401" time="0.212" /><testcase classname="tests.backend_test" name="test_google_manual_session_insert" time="1.164" /></testsuite></testsuites>