<?xml version="1.0" encoding="utf-8"?><testsuites name="pytest tests"><testsuite name="pytest" errors="0" failures="2" skipped="0" tests="22" time="11.104" timestamp="2026-08-07T14:09:37.561091+00:00" hostname="agent-env-2eda3c37-4f59-4363-a904-8af123bc9f56"><testcase classname="tests.backend_test" name="test_health" time="0.281" /><testcase classname="tests.backend_test" name="test_services_catalog" time="0.136" /><testcase classname="tests.backend_test" name="test_categories" time="0.114" /><testcase classname="tests.backend_test" name="test_login_all_three_roles" time="1.002" /><testcase classname="tests.backend_test" name="test_login_wrong_password" time="0.336" /><testcase classname="tests.backend_test" name="test_register_and_me" time="0.398" /><testcase classname="tests.backend_test" name="test_forgot_password_ok" time="0.131" /><testcase classname="tests.backend_test" name="test_customer_dashboard_and_requests" time="0.374" /><testcase classname="tests.backend_test" name="test_customer_create_request" time="0.570" /><testcase classname="tests.backend_test" name="test_provider_browse_open_requests" time="0.368" /><testcase classname="tests.backend_test" name="test_provider_dashboard_stats" time="0.468" /><testcase classname="tests.backend_test" name="test_admin_stats" time="0.370" /><testcase classname="tests.backend_test" name="test_admin_users_list" time="0.373" /><testcase classname="tests.backend_test" name="test_admin_payments_list" time="0.370" /><testcase classname="tests.backend_test" name="test_role_isolation_customer_cannot_admin" time="0.403" /><testcase classname="tests.backend_test" name="test_unauthenticated_dashboard_blocked" time="0.115" /><testcase classname="tests.backend_test" name="test_ai_assistant_configs" time="0.435"><failure message="AssertionError: {&quot;detail&quot;:&quot;Not Found&quot;}&#10;assert 404 == 200&#10; +  where 404 = &lt;Response [404]&gt;.status_code">backend/tests/backend_test.py:160: in test_ai_assistant_configs
    assert r.status_code == 200, r.text
E   AssertionError: {"detail":"Not Found"}
E   assert 404 == 200
E    +  where 404 = &lt;Response [404]&gt;.status_code</failure></testcase><testcase classname="tests.backend_test" name="test_comms_conversations" time="0.441" /><testcase classname="tests.backend_test" name="test_customer_can_view_payments" time="0.386" /><testcase classname="tests.backend_test" name="test_brute_force_lockout" time="2.262"><failure message="AssertionError: Expected 429 lockout after repeated failures&#10;assert False">backend/tests/backend_test.py:191: in test_brute_force_lockout
    assert got_429, "Expected 429 lockout after repeated failures"
E   AssertionError: Expected 429 lockout after repeated failures
E   assert False</failure></testcase><testcase classname="tests.backend_test" name="test_google_session_invalid_returns_401" time="0.264" /><testcase classname="tests.backend_test" name="test_google_manual_session_insert" time="0.946" /></testsuite></testsuites>